-------------------------------------------------------------------------------
Test set: nl.hhs.webapp.demo.DemoApplicationTests
-------------------------------------------------------------------------------
Tests run: 1, Failures: 0, Errors: 1, Skipped: 0, Time elapsed: 1.66 s <<< FAILURE! - in nl.hhs.webapp.demo.DemoApplicationTests
contextLoads  Time elapsed: 0.001 s  <<< ERROR!
java.lang.IllegalStateException: Failed to load ApplicationContext
Caused by: org.springframework.beans.factory.UnsatisfiedDependencyException: Error creating bean with name 'vehicleService' defined in file [/home/foobar/Software/Dev/Java/cost_of_travle/target/classes/nl/hhs/webapp/demo/service_provider/dao/VehicleService.class]: Unsatisfied dependency expressed through constructor parameter 0; nested exception is org.springframework.beans.factory.BeanCreationException: Error creating bean with name 'vehicleRepository' defined in nl.hhs.webapp.demo.service_provider.repository.VehicleRepository defined in @EnableJpaRepositories declared on JpaRepositoriesRegistrar.EnableJpaRepositoriesConfiguration: Invocation of init method failed; nested exception is java.lang.IllegalArgumentException: Not a managed type: interface nl.hhs.webapp.demo.model.vehicle.Vehicle
Caused by: org.springframework.beans.factory.BeanCreationException: Error creating bean with name 'vehicleRepository' defined in nl.hhs.webapp.demo.service_provider.repository.VehicleRepository defined in @EnableJpaRepositories declared on JpaRepositoriesRegistrar.EnableJpaRepositoriesConfiguration: Invocation of init method failed; nested exception is java.lang.IllegalArgumentException: Not a managed type: interface nl.hhs.webapp.demo.model.vehicle.Vehicle
Caused by: java.lang.IllegalArgumentException: Not a managed type: interface nl.hhs.webapp.demo.model.vehicle.Vehicle

